# JRE version: Java(TM) SE Runtime Environment (8.0_111-b14) (build 1.8.0_111-b14)
# Java VM: Java HotSpot(TM) 64-Bit Server VM (25.111-b14 mixed mode windows-amd64 compressed oops)
Heap:
 PSYoungGen      total 127488K, used 43755K [0x00000000d8b00000, 0x00000000e0c00000, 0x0000000100000000)
  eden space 122880K, 31% used [0x00000000d8b00000,0x00000000db13e0b8,0x00000000e0300000)
  from space 4608K, 99% used [0x00000000e0300000,0x00000000e077cf40,0x00000000e0780000)
  to   space 4608K, 0% used [0x00000000e0780000,0x00000000e0780000,0x00000000e0c00000)
 ParOldGen       total 59904K, used 24892K [0x000000008a000000, 0x000000008da80000, 0x00000000d8b00000)
  object space 59904K, 41% used [0x000000008a000000,0x000000008b84f1b8,0x000000008da80000)
 Metaspace       used 28348K, capacity 29414K, committed 29568K, reserved 1075200K
  class space    used 3367K, capacity 3636K, committed 3712K, reserved 1048576K
GC Heap History (10 events):
Event: 1.077 GC heap before
{Heap before GC invocations=2 (full 0):
 PSYoungGen      total 35328K, used 35315K [0x00000000d8b00000, 0x00000000dd000000, 0x0000000100000000)
  eden space 30720K, 100% used [0x00000000d8b00000,0x00000000da900000,0x00000000da900000)
  from space 4608K, 99% used [0x00000000da900000,0x00000000dad7ccc8,0x00000000dad80000)
  to   space 4608K, 0% used [0x00000000dcb80000,0x00000000dcb80000,0x00000000dd000000)
 ParOldGen       total 80896K, used 986K [0x000000008a000000, 0x000000008ef00000, 0x00000000d8b00000)
  object space 80896K, 1% used [0x000000008a000000,0x000000008a0f69c8,0x000000008ef00000)
 Metaspace       used 11497K, capacity 11800K, committed 12160K, reserved 1060864K
  class space    used 1431K, capacity 1566K, committed 1664K, reserved 1048576K
Event: 1.085 GC heap after
Heap after GC invocations=2 (full 0):
 PSYoungGen      total 66048K, used 4596K [0x00000000d8b00000, 0x00000000dd000000, 0x0000000100000000)
  eden space 61440K, 0% used [0x00000000d8b00000,0x00000000d8b00000,0x00000000dc700000)
  from space 4608K, 99% used [0x00000000dcb80000,0x00000000dcffd190,0x00000000dd000000)
  to   space 4608K, 0% used [0x00000000dc700000,0x00000000dc700000,0x00000000dcb80000)
 ParOldGen       total 80896K, used 2176K [0x000000008a000000, 0x000000008ef00000, 0x00000000d8b00000)
  object space 80896K, 2% used [0x000000008a000000,0x000000008a220370,0x000000008ef00000)
 Metaspace       used 11497K, capacity 11800K, committed 12160K, reserved 1060864K
  class space    used 1431K, capacity 1566K, committed 1664K, reserved 1048576K
}
Event: 2.195 GC heap before
{Heap before GC invocations=3 (full 0):
 PSYoungGen      total 66048K, used 66036K [0x00000000d8b00000, 0x00000000dd000000, 0x0000000100000000)
  eden space 61440K, 100% used [0x00000000d8b00000,0x00000000dc700000,0x00000000dc700000)
  from space 4608K, 99% used [0x00000000dcb80000,0x00000000dcffd190,0x00000000dd000000)
  to   space 4608K, 0% used [0x00000000dc700000,0x00000000dc700000,0x00000000dcb80000)
 ParOldGen       total 80896K, used 2176K [0x000000008a000000, 0x000000008ef00000, 0x00000000d8b00000)
  object space 80896K, 2% used [0x000000008a000000,0x000000008a220370,0x000000008ef00000)
 Metaspace       used 18879K, capacity 19576K, committed 19840K, reserved 1067008K
  class space    used 2404K, capacity 2589K, committed 2688K, reserved 1048576K
Event: 2.209 GC heap after
Heap after GC invocations=3 (full 0):
 PSYoungGen      total 66048K, used 4576K [0x00000000d8b00000, 0x00000000e0c00000, 0x0000000100000000)
  eden space 61440K, 0% used [0x00000000d8b00000,0x00000000d8b00000,0x00000000dc700000)
  from space 4608K, 99% used [0x00000000dc700000,0x00000000dcb781b0,0x00000000dcb80000)
  to   space 4608K, 0% used [0x00000000e0780000,0x00000000e0780000,0x00000000e0c00000)
 ParOldGen       total 80896K, used 8826K [0x000000008a000000, 0x000000008ef00000, 0x00000000d8b00000)
  object space 80896K, 10% used [0x000000008a000000,0x000000008a89e808,0x000000008ef00000)
 Metaspace       used 18879K, capacity 19576K, committed 19840K, reserved 1067008K
  class space    used 2404K, capacity 2589K, committed 2688K, reserved 1048576K
}
Event: 2.593 GC heap before
{Heap before GC invocations=4 (full 0):
 PSYoungGen      total 66048K, used 30280K [0x00000000d8b00000, 0x00000000e0c00000, 0x0000000100000000)
  eden space 61440K, 41% used [0x00000000d8b00000,0x00000000da41a0f0,0x00000000dc700000)
  from space 4608K, 99% used [0x00000000dc700000,0x00000000dcb781b0,0x00000000dcb80000)
  to   space 4608K, 0% used [0x00000000e0780000,0x00000000e0780000,0x00000000e0c00000)
 ParOldGen       total 80896K, used 8826K [0x000000008a000000, 0x000000008ef00000, 0x00000000d8b00000)
  object space 80896K, 10% used [0x000000008a000000,0x000000008a89e808,0x000000008ef00000)
 Metaspace       used 20264K, capacity 21194K, committed 21248K, reserved 1067008K
  class space    used 2557K, capacity 2762K, committed 2816K, reserved 1048576K
Event: 2.602 GC heap after
Heap after GC invocations=4 (full 0):
 PSYoungGen      total 127488K, used 4592K [0x00000000d8b00000, 0x00000000e0c00000, 0x0000000100000000)
  eden space 122880K, 0% used [0x00000000d8b00000,0x00000000d8b00000,0x00000000e0300000)
  from space 4608K, 99% used [0x00000000e0780000,0x00000000e0bfc130,0x00000000e0c00000)
  to   space 4608K, 0% used [0x00000000e0300000,0x00000000e0300000,0x00000000e0780000)
 ParOldGen       total 80896K, used 11246K [0x000000008a000000, 0x000000008ef00000, 0x00000000d8b00000)
  object space 80896K, 13% used [0x000000008a000000,0x000000008aafb978,0x000000008ef00000)
 Metaspace       used 20264K, capacity 21194K, committed 21248K, reserved 1067008K
  class space    used 2557K, capacity 2762K, committed 2816K, reserved 1048576K
}
Event: 2.602 GC heap before
{Heap before GC invocations=5 (full 1):
 PSYoungGen      total 127488K, used 4592K [0x00000000d8b00000, 0x00000000e0c00000, 0x0000000100000000)
  eden space 122880K, 0% used [0x00000000d8b00000,0x00000000d8b00000,0x00000000e0300000)
  from space 4608K, 99% used [0x00000000e0780000,0x00000000e0bfc130,0x00000000e0c00000)
  to   space 4608K, 0% used [0x00000000e0300000,0x00000000e0300000,0x00000000e0780000)
 ParOldGen       total 80896K, used 11246K [0x000000008a000000, 0x000000008ef00000, 0x00000000d8b00000)
  object space 80896K, 13% used [0x000000008a000000,0x000000008aafb978,0x000000008ef00000)
 Metaspace       used 20264K, capacity 21194K, committed 21248K, reserved 1067008K
  class space    used 2557K, capacity 2762K, committed 2816K, reserved 1048576K
Event: 2.639 GC heap after
Heap after GC invocations=5 (full 1):
 PSYoungGen      total 127488K, used 0K [0x00000000d8b00000, 0x00000000e0c00000, 0x0000000100000000)
  eden space 122880K, 0% used [0x00000000d8b00000,0x00000000d8b00000,0x00000000e0300000)
  from space 4608K, 0% used [0x00000000e0780000,0x00000000e0780000,0x00000000e0c00000)
  to   space 4608K, 0% used [0x00000000e0300000,0x00000000e0300000,0x00000000e0780000)
 ParOldGen       total 59904K, used 8553K [0x000000008a000000, 0x000000008da80000, 0x00000000d8b00000)
  object space 59904K, 14% used [0x000000008a000000,0x000000008a85a5b8,0x000000008da80000)
 Metaspace       used 20264K, capacity 21194K, committed 21248K, reserved 1067008K
  class space    used 2557K, capacity 2762K, committed 2816K, reserved 1048576K
}
Event: 4.954 GC heap before
{Heap before GC invocations=6 (full 1):
 PSYoungGen      total 127488K, used 122880K [0x00000000d8b00000, 0x00000000e0c00000, 0x0000000100000000)
  eden space 122880K, 100% used [0x00000000d8b00000,0x00000000e0300000,0x00000000e0300000)
  from space 4608K, 0% used [0x00000000e0780000,0x00000000e0780000,0x00000000e0c00000)
  to   space 4608K, 0% used [0x00000000e0300000,0x00000000e0300000,0x00000000e0780000)
 ParOldGen       total 59904K, used 8553K [0x000000008a000000, 0x000000008da80000, 0x00000000d8b00000)
  object space 59904K, 14% used [0x000000008a000000,0x000000008a85a5b8,0x000000008da80000)
 Metaspace       used 27921K, capacity 28966K, committed 29056K, reserved 1075200K
  class space    used 3364K, capacity 3636K, committed 3712K, reserved 1048576K
Event: 4.975 GC heap after
Heap after GC invocations=6 (full 1):
 PSYoungGen      total 127488K, used 4595K [0x00000000d8b00000, 0x00000000e0c00000, 0x0000000100000000)
  eden space 122880K, 0% used [0x00000000d8b00000,0x00000000d8b00000,0x00000000e0300000)
  from space 4608K, 99% used [0x00000000e0300000,0x00000000e077cf40,0x00000000e0780000)
  to   space 4608K, 0% used [0x00000000e0780000,0x00000000e0780000,0x00000000e0c00000)
 ParOldGen       total 59904K, used 24892K [0x000000008a000000, 0x000000008da80000, 0x00000000d8b00000)
  object space 59904K, 41% used [0x000000008a000000,0x000000008b84f1b8,0x000000008da80000)
 Metaspace       used 27921K, capacity 28966K, committed 29056K, reserved 1075200K
  class space    used 3364K, capacity 3636K, committed 3712K, reserved 1048576K
}

